<?xml version="1.0" encoding="UTF-8"?>
<testng-results skipped="0" failed="0" ignored="0" total="1" passed="1">
  <reporter-output>
  </reporter-output>
  <suite name="Default suite" duration-ms="47" started-at="2018-10-26T09:21:55Z" finished-at="2018-10-26T09:21:55Z">
    <groups>
    </groups>
    <test name="Default test" duration-ms="47" started-at="2018-10-26T09:21:55Z" finished-at="2018-10-26T09:21:55Z">
      <class name="test.TC001">
        <test-method status="PASS" signature="test1()[pri:0, instance:test.TC001@4678c730]" name="test1" duration-ms="16" started-at="2018-10-26T09:21:55Z" finished-at="2018-10-26T09:21:55Z">
          <reporter-output>
          </reporter-output>
        </test-method> <!-- test1 -->
      </class> <!-- test.TC001 -->
    </test> <!-- Default test -->
  </suite> <!-- Default suite -->
</testng-results>
